#
# A fatal error has been detected by the Java Runtime Environment:
#
#  EXCEPTION_ACCESS_VIOLATION (0xc0000005) at pc=0x000000006fa0186a, pid=5992, tid=4476
#
# JRE version: 6.0_17-b04
# Java VM: Java HotSpot(TM) 64-Bit Server VM (14.3-b01 mixed mode windows-amd64 )
# Problematic frame:
# C  0x000000006fa0186a
#
# If you would like to submit a bug report, please visit:
#   http://java.sun.com/webapps/bugreport/crash.jsp
# The crash happened outside the Java Virtual Machine in native code.
# See problematic frame for where to report the bug.
#

---------------  T H R E A D  ---------------

Current thread (0x000000005367c800):  JavaThread "Main message loop" daemon [_thread_in_native, id=4476, stack(0x000000014ff30000,0x0000000153f30000)]

siginfo: ExceptionCode=0xc0000005, reading address 0x0000000000000000

Registers:
EAX=0x000000007050b438, EBX=0x000000006d163c20, ECX=0x0000000000000000, EDX=0x0000000070377300
ESP=0x0000000153f1e900, EBP=0x0000000080040104, ESI=0x0000000153f26708, EDI=0x0000000070377338
EIP=0x000000006fa0186a, EFLAGS=0x0000000000010297

Top of Stack: (sp=0x0000000153f1e900)
0x0000000153f1e900:   000000006d163c20 0000000080040104
0x0000000153f1e910:   000000006d163c20 0000000070377338
0x0000000153f1e920:   0000000000000030 000000002c4c276c
0x0000000153f1e930:   000000005367c800 000000000000000e
0x0000000153f1e940:   0000000153f1e740 0000000153f1e9c8
0x0000000153f1e950:   0000000153f1ea30 000000002c39832c
0x0000000153f1e960:   000000005367c800 0000000078a6e85c
0x0000000153f1e970:   0000000153f1e9e8 000000002c0c5f9c
0x0000000153f1e980:   0000000032b5f858 000000002c0c5f9c
0x0000000153f1e990:   0000000080040104 0000000000000000
0x0000000153f1e9a0:   0000000040e911c0 0000000153f1e9a8
0x0000000153f1e9b0:   0000000032930aef 0000000153f1ea10
0x0000000153f1e9c0:   0000000032a0b4d0 00000000339df930
0x0000000153f1e9d0:   0000000032930b00 0000000000000000
0x0000000153f1e9e0:   0000000153f1ea48 000000002c0c59f3
0x0000000153f1e9f0:   000000002c4b9534 000000002c0c59f3 

Instructions: (pc=0x000000006fa0186a)
0x000000006fa0185a:   83 c0 08 83 38 02 7f 0d 48 8b 8c 24 90 7d 00 00
0x000000006fa0186a:   48 8b 01 eb 66 83 38 03 75 0e 48 8b 8c 24 90 7d 


Stack: [0x000000014ff30000,0x0000000153f30000],  sp=0x0000000153f1e900,  free space=65466k
Native frames: (J=compiled Java code, j=interpreted, Vv=VM code, C=native code)
C  0x000000006fa0186a

Java frames: (J=compiled Java code, j=interpreted, Vv=VM code)
J  com.jniwrapper.Function.invokeCFunc(JJB[BII[II)I
J  com.jniwrapper.FunctionCall.a(ZJJJIBLcom/jniwrapper/Parameter;[Lcom/jniwrapper/Parameter;)J
J  com.jniwrapper.Function.invoke(Lcom/jniwrapper/Parameter;[Lcom/jniwrapper/Parameter;)J
j  com.jniwrapper.Function.invoke(Lcom/jniwrapper/Parameter;Lcom/jniwrapper/Parameter;)J+10
j  com.jniwrapper.win32.MessageLoopThread$LoopThread.run()V+299
v  ~StubRoutines::call_stub

---------------  P R O C E S S  ---------------

Java Threads: ( => current thread )
  0x000000006d128800 JavaThread "RecordlistTable Timer" daemon [_thread_blocked, id=2996, stack(0x000000018c010000,0x0000000190010000)]
  0x000000005367c000 JavaThread "Browser Events Thread" daemon [_thread_blocked, id=1148, stack(0x0000000167f30000,0x000000016bf30000)]
=>0x000000005367c800 JavaThread "Main message loop" daemon [_thread_in_native, id=4476, stack(0x000000014ff30000,0x0000000153f30000)]
  0x000000006d121800 JavaThread "Timer-2" daemon [_thread_blocked, id=1812, stack(0x0000000100f10000,0x0000000104f10000)]
  0x000000006d126800 JavaThread "com.jniwrapper.NativeResourceCollector" daemon [_thread_blocked, id=1932, stack(0x00000000f7f40000,0x00000000fbf40000)]
  0x000000006d125000 JavaThread "Code Analyzer updating thread" [_thread_blocked, id=4744, stack(0x00000000eff40000,0x00000000f3f40000)]
  0x000000006d124800 JavaThread "Active Reference Queue Daemon" daemon [_thread_blocked, id=3108, stack(0x00000000ebf40000,0x00000000eff40000)]
  0x000000006d123800 JavaThread "Timer-1" daemon [_thread_blocked, id=5920, stack(0x00000000e7f40000,0x00000000ebf40000)]
  0x000000006d123000 JavaThread "ClipboardMonitor Timer" daemon [_thread_blocked, id=5836, stack(0x00000000b8000000,0x00000000bc000000)]
  0x000000006d122000 JavaThread "Explorer NavigationContext request queue" daemon [_thread_blocked, id=4748, stack(0x00000000e3f40000,0x00000000e7f40000)]
  0x000000005367e800 JavaThread "AddressBar directory emptiness poller" daemon [_thread_blocked, id=3608, stack(0x00000000dbf40000,0x00000000dff40000)]
  0x000000005367e000 JavaThread "Explorer Refresh Service 2035437678" daemon [_thread_blocked, id=4016, stack(0x00000000d7f40000,0x00000000dbf40000)]
  0x000000005367d000 JavaThread "Thread-4" daemon [_thread_blocked, id=3808, stack(0x00000000cef70000,0x00000000d2f70000)]
  0x000000005367a800 JavaThread "TimerQueue" daemon [_thread_blocked, id=5984, stack(0x00000000bc000000,0x00000000c0000000)]
  0x0000000053677800 JavaThread "Thread-3" daemon [_thread_blocked, id=2312, stack(0x00000000a8000000,0x00000000ac000000)]
  0x0000000053679800 JavaThread "FelixPackageAdmin" daemon [_thread_blocked, id=1548, stack(0x00000000b4000000,0x00000000b8000000)]
  0x0000000053679000 JavaThread "FelixStartLevel" daemon [_thread_blocked, id=2936, stack(0x00000000b0000000,0x00000000b4000000)]
  0x0000000053678000 JavaThread "FelixDispatchQueue" daemon [_thread_blocked, id=5724, stack(0x00000000ac000000,0x00000000b0000000)]
  0x0000000053676800 JavaThread "AWT-EventQueue-0" [_thread_in_native, id=5912, stack(0x00000000a4000000,0x00000000a8000000)]
  0x0000000053676000 JavaThread "com.google.common.base.internal.Finalizer" daemon [_thread_blocked, id=1568, stack(0x00000000a0000000,0x00000000a4000000)]
  0x0000000053674800 JavaThread "AWT-Windows" daemon [_thread_in_native, id=5788, stack(0x0000000098000000,0x000000009c000000)]
  0x0000000053674000 JavaThread "AWT-Shutdown" [_thread_blocked, id=4760, stack(0x0000000094000000,0x0000000098000000)]
  0x0000000053673000 JavaThread "Java2D Disposer" daemon [_thread_blocked, id=4920, stack(0x0000000090000000,0x0000000094000000)]
  0x0000000053672800 JavaThread "Timer-0" [_thread_blocked, id=1640, stack(0x000000008c000000,0x0000000090000000)]
  0x0000000053671800 JavaThread "EventMgr Dispatcher" daemon [_thread_in_native, id=5124, stack(0x0000000088000000,0x000000008c000000)]
  0x0000000053670000 JavaThread "Low Memory Detector" daemon [_thread_blocked, id=5972, stack(0x0000000080000000,0x0000000084000000)]
  0x0000000053691800 JavaThread "CompilerThread1" daemon [_thread_blocked, id=4960, stack(0x0000000067770000,0x000000006b770000)]
  0x0000000053680000 JavaThread "CompilerThread0" daemon [_thread_in_native, id=3468, stack(0x0000000063770000,0x0000000067770000)]
  0x000000005366f800 JavaThread "Attach Listener" daemon [_thread_blocked, id=5760, stack(0x000000005f770000,0x0000000063770000)]
  0x000000005361b000 JavaThread "Finalizer" daemon [_thread_blocked, id=5840, stack(0x000000005b770000,0x000000005f770000)]
  0x0000000053614800 JavaThread "Reference Handler" daemon [_thread_blocked, id=2484, stack(0x0000000057770000,0x000000005b770000)]
  0x00000000064de800 JavaThread "main" [_thread_in_native, id=5364, stack(0x0000000000030000,0x0000000004030000)]

Other Threads:
  0x0000000053611800 VMThread [stack: 0x0000000053770000,0x0000000057770000] [id=3568]
  0x00000000536d0800 WatcherThread [stack: 0x0000000084000000,0x0000000088000000] [id=4940]

VM state:not at safepoint (normal execution)

VM Mutex/Monitor currently owned by a thread: None

Heap
 PSYoungGen      total 28992K, used 18018K [0x00000000403c0000, 0x0000000042900000, 0x00000000434c0000)
  eden space 20160K, 58% used [0x00000000403c0000,0x0000000040f39ea8,0x0000000041770000)
  from space 8832K, 70% used [0x0000000042030000,0x000000004264ea40,0x00000000428d0000)
  to   space 8960K, 0% used [0x0000000041770000,0x0000000041770000,0x0000000042030000)
 PSOldGen        total 141248K, used 96394K [0x00000000370c0000, 0x000000003fab0000, 0x00000000403c0000)
  object space 141248K, 68% used [0x00000000370c0000,0x000000003cee2970,0x000000003fab0000)
 PSPermGen       total 129856K, used 78723K [0x000000002f0c0000, 0x0000000036f90000, 0x00000000370c0000)
  object space 129856K, 60% used [0x000000002f0c0000,0x0000000033da0ea0,0x0000000036f90000)

Dynamic libraries:
0x0000000140000000 - 0x0000000140028000 	C:\Program Files\MATLAB\R2013a\bin\win64\MATLAB.exe
0x0000000077280000 - 0x0000000077429000 	C:\Windows\SYSTEM32\ntdll.dll
0x0000000077160000 - 0x000000007727f000 	C:\Windows\system32\kernel32.dll
0x000007fefc490000 - 0x000007fefc4fb000 	C:\Windows\system32\KERNELBASE.dll
0x0000000074460000 - 0x0000000074515000 	C:\Program Files\MATLAB\R2013a\bin\win64\libut.dll
0x00000000758a0000 - 0x000000007595f000 	C:\Program Files\MATLAB\R2013a\bin\win64\libmwi18n.dll
0x0000000180000000 - 0x000000018000d000 	C:\Program Files\MATLAB\R2013a\bin\win64\libmwresource_core.dll
0x00000000746b0000 - 0x0000000074748000 	C:\Program Files\MATLAB\R2013a\bin\win64\MSVCP100.dll
0x00000000733b0000 - 0x0000000073482000 	C:\Program Files\MATLAB\R2013a\bin\win64\MSVCR100.dll
0x00000000747e0000 - 0x00000000747ee000 	C:\Program Files\MATLAB\R2013a\bin\win64\boost_date_time-vc100-mt-1_49.dll
0x00000000747b0000 - 0x00000000747dc000 	C:\Program Files\MATLAB\R2013a\bin\win64\boost_filesystem-vc100-mt-1_49.dll
0x00000000747a0000 - 0x00000000747a9000 	C:\Program Files\MATLAB\R2013a\bin\win64\boost_system-vc100-mt-1_49.dll
0x000007fefd3e0000 - 0x000007fefd4bb000 	C:\Windows\system32\ADVAPI32.dll
0x000007fefcae0000 - 0x000007fefcb7f000 	C:\Windows\system32\msvcrt.dll
0x000007fefe310000 - 0x000007fefe32f000 	C:\Windows\SYSTEM32\sechost.dll
0x000007fefcc90000 - 0x000007fefcdbd000 	C:\Windows\system32\RPCRT4.dll
0x0000000074770000 - 0x0000000074795000 	C:\Program Files\MATLAB\R2013a\bin\win64\LIBEXPAT.dll
0x0000000070750000 - 0x00000000708da000 	C:\Program Files\MATLAB\R2013a\bin\win64\icuin49.dll
0x0000000073270000 - 0x00000000733ae000 	C:\Program Files\MATLAB\R2013a\bin\win64\icuuc49.dll
0x000000006e000000 - 0x000000006f122000 	C:\Program Files\MATLAB\R2013a\bin\win64\icudt49.dll
0x0000000074760000 - 0x0000000074770000 	C:\Program Files\MATLAB\R2013a\bin\win64\icuio49.dll
0x0000000073f70000 - 0x0000000074112000 	C:\Program Files\MATLAB\R2013a\bin\win64\libmwfl.dll
0x000000007a350000 - 0x000000007a737000 	C:\Program Files\MATLAB\R2013a\bin\win64\libmwMATLAB_res.dll
0x0000000073490000 - 0x000000007356f000 	C:\Program Files\MATLAB\R2013a\bin\win64\boost_regex-vc100-mt-1_49.dll
0x0000000077060000 - 0x000000007715a000 	C:\Windows\system32\USER32.dll
0x000007fefcb80000 - 0x000007fefcbe7000 	C:\Windows\system32\GDI32.dll
0x000007fefc8e0000 - 0x000007fefc8ee000 	C:\Windows\system32\LPK.dll
0x000007fefc810000 - 0x000007fefc8d9000 	C:\Windows\system32\USP10.dll
0x0000000074690000 - 0x00000000746a1000 	C:\Program Files\MATLAB\R2013a\bin\win64\boost_signals-vc100-mt-1_49.dll
0x00000000745c0000 - 0x00000000745d1000 	C:\Program Files\MATLAB\R2013a\bin\win64\boost_thread-vc100-mt-1_49.dll
0x000007fed5ee0000 - 0x000007fed5f6c000 	C:\Program Files\MATLAB\R2013a\bin\win64\boost_log-vc100-mt-1_49.dll
0x0000000077450000 - 0x0000000077457000 	C:\Windows\system32\PSAPI.DLL
0x000007fefca00000 - 0x000007fefca4d000 	C:\Windows\system32\WS2_32.dll
0x000007fefc800000 - 0x000007fefc808000 	C:\Windows\system32\NSI.dll
0x000007fef5370000 - 0x000007fef53a3000 	C:\Program Files\MATLAB\R2013a\bin\win64\tbb.dll
0x000007fefe2f0000 - 0x000007fefe309000 	C:\Windows\system32\imagehlp.dll
0x000007fefac80000 - 0x000007fefacac000 	C:\Windows\system32\POWRPROF.dll
0x000007fefe330000 - 0x000007fefe507000 	C:\Windows\system32\SETUPAPI.dll
0x000007fefc560000 - 0x000007fefc596000 	C:\Windows\system32\CFGMGR32.dll
0x000007fefe820000 - 0x000007fefe8f7000 	C:\Windows\system32\OLEAUT32.dll
0x000007fefcff0000 - 0x000007fefd1f3000 	C:\Windows\system32\ole32.dll
0x000007fefc510000 - 0x000007fefc52a000 	C:\Windows\system32\DEVOBJ.dll
0x0000000004210000 - 0x0000000004231000 	C:\Program Files\MATLAB\R2013a\bin\win64\libmwmfl_scalar.dll
0x000007fef43d0000 - 0x000007fef44f5000 	C:\Windows\system32\dbghelp.dll
0x0000000004240000 - 0x000000000456f000 	C:\Program Files\MATLAB\R2013a\bin\win64\libmwservices.dll
0x0000000075a20000 - 0x0000000075b0b000 	C:\Program Files\MATLAB\R2013a\bin\win64\libmx.dll
0x000007fef6f90000 - 0x000007fef6fb8000 	C:\Program Files\MATLAB\R2013a\bin\win64\tbbmalloc.dll
0x0000000071da0000 - 0x0000000071db7000 	C:\Program Files\MATLAB\R2013a\bin\win64\zlib1.dll
0x0000000004570000 - 0x00000000045be000 	C:\Program Files\MATLAB\R2013a\bin\win64\libmwregexp.dll
0x0000000075f10000 - 0x0000000075f57000 	C:\Program Files\MATLAB\R2013a\bin\win64\mpath.dll
0x000000007b680000 - 0x000000007bc66000 	C:\Program Files\MATLAB\R2013a\bin\win64\mlutil.dll
0x00000000754d0000 - 0x0000000075547000 	C:\Program Files\MATLAB\R2013a\bin\win64\xmlcore.dll
0x0000000070010000 - 0x0000000070251000 	C:\Program Files\MATLAB\R2013a\bin\win64\xerces-c_2_7.dll
0x00000000045c0000 - 0x00000000045e2000 	C:\Program Files\MATLAB\R2013a\bin\win64\libmwMATLAB_settings_res.dll
0x000007fefa8d0000 - 0x000007fefa8e0000 	C:\Program Files\MATLAB\R2013a\bin\win64\boost_iostreams-vc100-mt-1_49.dll
0x000007fef5320000 - 0x000007fef5366000 	C:\Program Files\MATLAB\R2013a\bin\win64\boost_serialization-vc100-mt-1_49.dll
0x000007fefd4c0000 - 0x000007fefe248000 	C:\Windows\system32\SHELL32.dll
0x000007fefd200000 - 0x000007fefd271000 	C:\Windows\system32\SHLWAPI.dll
0x00000000045f0000 - 0x00000000045f6000 	C:\Program Files\MATLAB\R2013a\bin\win64\libmwnativedisplay.dll
0x000007fef6b30000 - 0x000007fef6bd0000 	C:\Windows\WinSxS\amd64_microsoft.windows.common-controls_6595b64144ccf1df_5.82.7601.17514_none_a4d6a923711520a9\COMCTL32.dll
0x000007fefe250000 - 0x000007fefe2e7000 	C:\Windows\system32\COMDLG32.dll
0x000007fefb670000 - 0x000007fefb686000 	C:\Windows\system32\NETAPI32.dll
0x000007fefb640000 - 0x000007fefb64c000 	C:\Windows\system32\netutils.dll
0x000007fefbe70000 - 0x000007fefbe93000 	C:\Windows\system32\srvcli.dll
0x000007fefb650000 - 0x000007fefb665000 	C:\Windows\system32\wkscli.dll
0x0000000074970000 - 0x0000000074a18000 	C:\Program Files\MATLAB\R2013a\bin\win64\mcr.dll
0x0000000075000000 - 0x00000000753b1000 	C:\Program Files\MATLAB\R2013a\bin\win64\iqm.dll
0x0000000074e80000 - 0x0000000074f30000 	C:\Program Files\MATLAB\R2013a\bin\win64\m_dispatcher.dll
0x0000000004600000 - 0x0000000004e08000 	C:\Program Files\MATLAB\R2013a\bin\win64\m_interpreter.dll
0x0000000004e10000 - 0x0000000004e34000 	C:\Program Files\MATLAB\R2013a\bin\win64\libmex.dll
0x0000000075430000 - 0x00000000754ab000 	C:\Program Files\MATLAB\R2013a\bin\win64\profiler.dll
0x0000000004e40000 - 0x00000000050c3000 	C:\Program Files\MATLAB\R2013a\bin\win64\libmwmathutil.dll
0x0000000079f40000 - 0x0000000079f66000 	C:\Program Files\MATLAB\R2013a\bin\win64\libmwmathrng.dll
0x00000000050d0000 - 0x00000000050e0000 	C:\Program Files\MATLAB\R2013a\bin\win64\libmwmfl_rng.dll
0x0000000074c10000 - 0x0000000074cf8000 	C:\Program Files\MATLAB\R2013a\bin\win64\libmwmathcore.dll
0x0000000076160000 - 0x00000000761c3000 	C:\Program Files\MATLAB\R2013a\bin\win64\libmwspmatrix.dll
0x000000007b0a0000 - 0x000000007b2f6000 	C:\Program Files\MATLAB\R2013a\bin\win64\mcos.dll
0x0000000075ea0000 - 0x0000000075f02000 	C:\Program Files\MATLAB\R2013a\bin\win64\libmwcholmod.dll
0x00000000050f0000 - 0x00000000050fd000 	C:\Program Files\MATLAB\R2013a\bin\win64\libmwamd.dll
0x00000000714c0000 - 0x0000000071563000 	C:\Windows\WinSxS\amd64_microsoft.vc90.crt_1fc8b3b9a1e18e3b_9.0.30729.6161_none_08e61857a83bc251\MSVCR90.dll
0x0000000005110000 - 0x000000000511c000 	C:\Program Files\MATLAB\R2013a\bin\win64\libmwcolamd.dll
0x000000007a290000 - 0x000000007a2a3000 	C:\Program Files\MATLAB\R2013a\bin\win64\libmwblas.dll
0x000000007a310000 - 0x000000007a325000 	C:\Program Files\MATLAB\R2013a\bin\win64\libmwbinder.dll
0x0000000005130000 - 0x000000000513b000 	C:\Program Files\MATLAB\R2013a\bin\win64\libmwompwrapper.dll
0x0000000075820000 - 0x000000007589e000 	C:\Program Files\MATLAB\R2013a\bin\win64\libmwlapack.dll
0x000000007a1b0000 - 0x000000007a1d0000 	C:\Program Files\MATLAB\R2013a\bin\win64\m_pcodeio.dll
0x0000000079b10000 - 0x0000000079b6c000 	C:\Program Files\MATLAB\R2013a\bin\win64\m_ir.dll
0x0000000078ed0000 - 0x0000000079579000 	C:\Program Files\MATLAB\R2013a\bin\win64\m_parser.dll
0x000000007a2f0000 - 0x000000007a307000 	C:\Program Files\MATLAB\R2013a\bin\win64\ir_xfmr.dll
0x0000000005140000 - 0x0000000005150000 	C:\Program Files\MATLAB\R2013a\bin\win64\mtok.dll
0x000000007a130000 - 0x000000007a158000 	C:\Program Files\MATLAB\R2013a\bin\win64\m_pcodegen.dll
0x0000000079fb0000 - 0x0000000079fdf000 	C:\Program Files\MATLAB\R2013a\bin\win64\libmwbridge.dll
0x0000000074f40000 - 0x0000000074ff6000 	C:\Program Files\MATLAB\R2013a\bin\win64\udd.dll
0x0000000073cc0000 - 0x0000000073e0e000 	C:\Program Files\MATLAB\R2013a\bin\win64\libmwgui.dll
0x000000007a1d0000 - 0x000000007a1f4000 	C:\Program Files\MATLAB\R2013a\bin\win64\graphics_util.dll
0x000007fed54a0000 - 0x000007fed5558000 	C:\Program Files\MATLAB\R2013a\bin\win64\libtex_base.dll
0x0000000005150000 - 0x0000000005a93000 	C:\Program Files\MATLAB\R2013a\bin\win64\hg.dll
0x0000000076100000 - 0x000000007615a000 	C:\Program Files\MATLAB\R2013a\bin\win64\libmat.dll
0x0000000072d30000 - 0x0000000072f38000 	C:\Program Files\MATLAB\R2013a\bin\win64\hdf5dll.dll
0x0000000075710000 - 0x00000000757d8000 	C:\Program Files\MATLAB\R2013a\bin\win64\jmi.dll
0x0000000005ab0000 - 0x0000000005abe000 	C:\Program Files\MATLAB\R2013a\bin\win64\nativejava_services.dll
0x0000000005ac0000 - 0x0000000005b00000 	C:\Program Files\MATLAB\R2013a\bin\win64\libmwhardcopy.dll
0x0000000075c70000 - 0x0000000075cce000 	C:\Program Files\MATLAB\R2013a\bin\win64\libuij.dll
0x0000000072f50000 - 0x000000007318f000 	C:\Program Files\MATLAB\R2013a\bin\win64\hgdatatypes.dll
0x0000000005b00000 - 0x0000000005beb000 	C:\Program Files\MATLAB\R2013a\bin\win64\hgutils.dll
0x0000000005bf0000 - 0x0000000005c9e000 	C:\Program Files\MATLAB\R2013a\bin\win64\udd_mi.dll
0x0000000005ca0000 - 0x0000000005cd6000 	C:\Program Files\MATLAB\R2013a\bin\win64\libmwgbtutils.dll
0x0000000005ce0000 - 0x0000000005cf4000 	C:\Program Files\MATLAB\R2013a\bin\win64\libmwgbt.dll
0x0000000005d00000 - 0x0000000005fce000 	C:\Program Files\MATLAB\R2013a\bin\win64\uiw.dll
0x0000000005fd0000 - 0x0000000005fd9000 	C:\Program Files\MATLAB\R2013a\bin\win64\uinone.dll
0x0000000005fe0000 - 0x0000000006006000 	C:\Program Files\MATLAB\R2013a\bin\win64\libmwnativefiledialogs.dll
0x0000000006010000 - 0x000000000601c000 	C:\Program Files\MATLAB\R2013a\bin\win64\libmwplatform_res.dll
0x000007fef6ac0000 - 0x000007fef6ad8000 	C:\Windows\system32\MPR.dll
0x000000006fab0000 - 0x000000007000d000 	C:\Program Files\MATLAB\R2013a\bin\win64\mfc100.dll
0x000007fefbc10000 - 0x000007fefbc17000 	C:\Windows\system32\MSIMG32.dll
0x000007fef9a20000 - 0x000007fef9a91000 	C:\Windows\system32\WINSPOOL.DRV
0x0000000006020000 - 0x000000000603d000 	C:\Program Files\MATLAB\R2013a\bin\win64\mwoles05.DLL
0x0000000006040000 - 0x00000000060ac000 	C:\Program Files\MATLAB\R2013a\bin\win64\comcli.dll
0x0000000071d70000 - 0x0000000071d9b000 	C:\Program Files\MATLAB\R2013a\bin\win64\ATL100.DLL
0x00000000060b0000 - 0x00000000060bc000 	C:\Program Files\MATLAB\R2013a\bin\win64\mlautoregister.dll
0x00000000060c0000 - 0x0000000006216000 	C:\Program Files\MATLAB\R2013a\bin\win64\mvm.dll
0x000007fefca50000 - 0x000007fefca7e000 	C:\Windows\system32\IMM32.DLL
0x000007fefc8f0000 - 0x000007fefc9f9000 	C:\Windows\system32\MSCTF.dll
0x000007fefa6b0000 - 0x000007fefa706000 	C:\Windows\system32\UxTheme.dll
0x000007fefa380000 - 0x000007fefa398000 	C:\Windows\system32\dwmapi.dll
0x0000000074750000 - 0x000000007475d000 	C:\Program Files\MATLAB\R2013a\bin\win64\MFC100ENU.DLL
0x0000000007c00000 - 0x0000000007c4e000 	C:\Program Files\MATLAB\R2013a\bin\win64\MVMLocal.dll
0x000007fefc3d0000 - 0x000007fefc3df000 	C:\Windows\system32\profapi.dll

VM Arguments:
jvm_args: -XX:PermSize=32m -Xms64m -XX:NewRatio=3 -XX:MaxPermSize=128m -Xmx196m -XX:MaxDirectMemorySize=2147400000 -Dsun.java2d.noddraw=true -Dsun.awt.nopixfmt=true -Xshare:off -Xrs -Dsun.awt.disableMixing=true -Djava.library.path=C:\Program Files\MATLAB\R2013a\bin\win64;C:\Program Files\MATLAB\R2013a\sys\jxbrowser\win64\lib vfprintf abort 
java_command: <unknown>
Launcher Type: generic

Environment Variables:
PATH=C:\Program Files\Common Files\Microsoft Shared\Windows Live;C:\Program Files (x86)\Common Files\Microsoft Shared\Windows Live;C:\Windows\system32;C:\Windows;C:\Windows\System32\Wbem;C:\Program Files\ThinkPad\Bluetooth Software\;C:\Program Files\ThinkPad\Bluetooth Software\syswow64;C:\Program Files (x86)\Intel\OpenCL SDK\2.0\bin\x86;C:\Program Files (x86)\Intel\OpenCL SDK\2.0\bin\x64;C:\Program Files\Microsoft\Web Platform Installer\;C:\Program Files (x86)\Microsoft ASP.NET\ASP.NET Web Pages\v1.0\;C:\Program Files (x86)\Windows Kits\8.0\Windows Performance Toolkit\;C:\Program Files\Microsoft SQL Server\110\Tools\Binn\;C:\Program Files\MATLAB\R2013a\runtime\win64;C:\Program Files\MATLAB\R2013a\bin;C:\Program Files\MATLAB\R2013a\bin\win64;C:\Program Files\MATLAB\R2011a\runtime\win64;C:\Program Files\MATLAB\R2011a\bin;C:\Program Files\MiKTeX 2.9\miktex\bin\x64\;C:\Program Files (x86)\Windows Live\Shared;C:\Program Files\TortoiseSVN\bin;C:\Program Files\opencv\build\x64\vc11\bin;C:\Program Files\MATLAB\R2013a\toolbox\imaq\imaqextern\drivers\win64\genicam\GenICam_v2_3\bin\Win64_x64
USERNAME=Stav
OS=Windows_NT
PROCESSOR_IDENTIFIER=Intel64 Family 6 Model 58 Stepping 9, GenuineIntel



---------------  S Y S T E M  ---------------

OS: Windows 7 Build 7601 Service Pack 1

CPU:total 4 (8 cores per cpu, 2 threads per core) family 6 model 58 stepping 9, cmov, cx8, fxsr, mmx, sse, sse2, sse3, ssse3, sse4.1, sse4.2, ht

Memory: 4k page, physical 16466732k(10305828k free), swap 32931604k(26759052k free)

vm_info: Java HotSpot(TM) 64-Bit Server VM (14.3-b01) for windows-amd64 JRE (1.6.0_17-b04), built on Oct 11 2009 00:46:08 by "java_re" with MS VC++ 8.0

time: Mon Apr 22 16:41:06 2013
elapsed time: 337 seconds

